<?xml version="1.0" encoding="UTF-8"?>
<testsuite xmlns:xsi="http://www.w3.org/2001/XMLSchema-instance" xsi:noNamespaceSchemaLocation="https://maven.apache.org/surefire/maven-surefire-plugin/xsd/surefire-test-report.xsd" name="com.java.backend.BackendTest" time="2.912" tests="2" errors="0" skipped="0" failures="0">
  <properties>
[...]
</properties>
  <testcase name="DeleteTest" classname="com.java.backend.BackendTest" time="1.274"/>
  <testcase name="UpLoadTest" classname="com.java.backend.BackendTest" time="1.63"/>
</testsuite>